[debug] [2025-01-04T19:49:28.514Z] ----------------------------------------------------------------------
[debug] [2025-01-04T19:49:28.519Z] Command:       C:\Program Files\nodejs\node.exe C:\Users\Lucas\AppData\Roaming\npm\node_modules\firebase-tools\lib\bin\firebase.js init
[debug] [2025-01-04T19:49:28.520Z] CLI Version:   13.29.1
[debug] [2025-01-04T19:49:28.520Z] Platform:      win32
[debug] [2025-01-04T19:49:28.520Z] Node Version:  v22.12.0
[debug] [2025-01-04T19:49:28.521Z] Time:          Sat Jan 04 2025 16:49:28 GMT-0300 (Horário Padrão de Brasília)
[debug] [2025-01-04T19:49:28.521Z] ----------------------------------------------------------------------
[debug] 
[debug] [2025-01-04T19:49:28.534Z] > command requires scopes: ["email","openid","https://www.googleapis.com/auth/cloudplatformprojects.readonly","https://www.googleapis.com/auth/firebase","https://www.googleapis.com/auth/cloud-platform"]
[debug] [2025-01-04T19:49:28.534Z] > authorizing via signed-in user (alves2.eduardo@gmail.com)
[info] 
     ######## #### ########  ######## ########     ###     ######  ########
     ##        ##  ##     ## ##       ##     ##  ##   ##  ##       ##
     ######    ##  ########  ######   ########  #########  ######  ######
     ##        ##  ##    ##  ##       ##     ## ##     ##       ## ##
     ##       #### ##     ## ######## ########  ##     ##  ######  ########

You're about to initialize a Firebase project in this directory:

  D:\Programacao\Projeto-portifolio-1

[info] 
=== Project Setup
[info] 
[info] First, let's associate this project directory with a Firebase project.
[info] You can create multiple project aliases by running firebase use --add, 
[info] but for now we'll just set up a default project.
[info] 
[debug] [2025-01-04T19:49:49.964Z] Checked if tokens are valid: true, expires at: 1736023686758
[debug] [2025-01-04T19:49:49.964Z] Checked if tokens are valid: true, expires at: 1736023686758
[debug] [2025-01-04T19:49:49.966Z] >>> [apiv2][query] GET https://firebase.googleapis.com/v1beta1/projects pageSize=100
[debug] [2025-01-04T19:49:50.824Z] <<< [apiv2][status] GET https://firebase.googleapis.com/v1beta1/projects 200
[debug] [2025-01-04T19:49:50.824Z] <<< [apiv2][body] GET https://firebase.googleapis.com/v1beta1/projects [omitted]
